0 silly input [ 'test' ]
1 silly flags { _: [ 'run' ],
1 silly flags   'reject-cycles': false,
1 silly flags   rejectCycles: false,
1 silly flags   script: 'test',
1 silly flags   args: [] }
2 verbose rootPath C:\z\github\stryker-mutator\stryker-badge
3 info version 2.5.1
4 silly existsSync C:\z\github\stryker-mutator\stryker-badge\VERSION
5 silly initialize attempt
6 silly initialize success
7 silly execute attempt
8 silly runScriptInDir test [] website-backend
9 silly getExecOpts { cwd: 'C:\\z\\github\\stryker-mutator\\stryker-badge\\packages\\website-backend' }
10 silly runScriptInDir test [] website-frontend
11 silly getExecOpts { cwd: 'C:\\z\\github\\stryker-mutator\\stryker-badge\\packages\\website-frontend' }
12 error test Errored while running script in 'stryker-badge-website-backend'
13 error execute callback with error
14 error Error: Command failed: npm run test
14 error ERROR: Coverage for functions (76.32%) does not meet global threshold (80%)
14 error ERROR: Coverage for branches (68.18%) does not meet global threshold (75%)
14 error npm ERR! code ELIFECYCLE
14 error npm ERR! errno 1
14 error npm ERR! stryker-badge-website-backend@1.0.0 test: `nyc --check-coverage --reporter=html --report-dir=reports/coverage --lines 80 --functions 80 --branches 75 mocha "test/**/*.js"`
14 error npm ERR! Exit status 1
14 error npm ERR!
14 error npm ERR! Failed at the stryker-badge-website-backend@1.0.0 test script.
14 error npm ERR! This is probably not a problem with npm. There is likely additional logging output above.
14 error
14 error npm ERR! A complete log of this run can be found in:
14 error npm ERR!     C:\Users\nicoj\AppData\Roaming\npm-cache\_logs\2017-11-25T09_59_18_904Z-debug.log
14 error
14 error > stryker-badge-website-backend@1.0.0 test C:\z\github\stryker-mutator\stryker-badge\packages\website-backend
14 error > nyc --check-coverage --reporter=html --report-dir=reports/coverage --lines 80 --functions 80 --branches 75 mocha "test/**/*.js"
14 error
14 error
14 error
14 error   Configuration
14 error     √ should read GitHub Client ID from environment variable 'GH_BASIC_CLIENT_ID'
14 error     √ should read GitHub secret from environment variable 'GH_BASIC_SECRET_ID'
14 error     √ should read JWT secret from environment variable 'JWT_SECRET'
14 error     √ should read App port number from environment variable 'PORT'
14 error     √ should provide default value for "Development mode"
14 error     when an required option is not set
14 error       √ should throw an error
14 error     when an optional option is set
14 error       √ should return its value from the corresponding environment variable
14 error     when an optional option is not set
14 error       √ should return its default value
14 error
14 error   Overall Express error handling
14 error     when the error is created by express-jwt
14 error Handling UnauthorizedError with message "No authorization token was found"
14 error       √ should send a 401 response
14 error     when another error occurs
14 error Handling Error with message "foo"
14 error res: 500 - {"error":"Internal error. Please try again later."}
14 error       √ should send a 500 response
14 error
14 error   retrieveRepositories()
14 error     √ should GET https://api.github.com/user/repos
14 error     √ should add an Authorization header
14 error     √ should add an User-Agent header
14 error     √ should return the response body from GitHub
14 error     when the request failed
14 error       √ should throw an error
14 error     when a next page of results is available
14 error       √ should fetch the next page
14 error       √ should return combined results
14 error
14 error   RequestLog
14 error     √ should log the request method
14 error     √ should log the requested path
14 error     √ should log the query params
14 error     √ should log the response status code
14 error     √ should invoke the request handling
14 error
14 error   GitHub routes
14 error     GET /logout
14 error       √ should redirect to /
14 error       √ should delete the 'jwt' cookie
14 error       √ should end the session
14 error     GET /auth/github/callback
14 error       √ should set a 'jwt' cookie
14 error       √ should redirect to /
14 error
14 error   Repository API routes
14 error     GET /api/repository
14 error       √ should invoke GitHub API to retrieve repository
14 error       √ should return projects
14 error
14 error   User API routes
14 error     GET /api/user
14 error       √ should return information about the logged in user
14 error
14 error
14 error   30 passing (148ms)
14 error
14 error
14 error     at Promise.all.then.arr (C:\z\github\stryker-mutator\stryker-badge\node_modules\lerna\node_modules\execa\index.js:236:11)
14 error     at <anonymous>
